-------------------------------------------------------------------------------
Test set: TestSuite
-------------------------------------------------------------------------------
Tests run: 1, Failures: 1, Errors: 0, Skipped: 0, Time elapsed: 8.819 s <<< FAILURE! - in TestSuite
TestRunner.runScenario["User should not be able to login with valid email and invalid password", "Optional[Login Feature]"](1)  Time elapsed: 8.178 s  <<< FAILURE!
java.lang.AssertionError: expected [You have entered an incorrect email or student Ids] but found [You have entered an incorrect email or student Id]

