<?xml version="1.0" encoding="UTF-8"?>
<testsuite xmlns:xsi="http://www.w3.org/2001/XMLSchema-instance" xsi:noNamespaceSchemaLocation="https://maven.apache.org/surefire/maven-surefire-plugin/xsd/surefire-test-report-3.0.xsd" version="3.0" name="TestSuite" time="8.819" tests="1" errors="0" skipped="0" failures="1">
  <properties>
[...]
</properties>
  <testcase name="runScenario[&quot;User should not be able to login with valid email and invalid password&quot;, &quot;Optional[Login Feature]&quot;](1)" classname="TestRunner" time="8.178">
    <failure message="expected [You have entered an incorrect email or student Ids] but found [You have entered an incorrect email or student Id]" type="java.lang.AssertionError"><![CDATA[java.lang.AssertionError: expected [You have entered an incorrect email or student Ids] but found [You have entered an incorrect email or student Id]
]]></failure>
    <system-err><![CDATA[SLF4J: Failed to load class "org.slf4j.impl.StaticLoggerBinder".
SLF4J: Defaulting to no-operation (NOP) logger implementation
SLF4J: See http://www.slf4j.org/codes.html#StaticLoggerBinder for further details.
1678638654222	geckodriver	INFO	Listening on 127.0.0.1:63051
1678638654543	mozrunner::runner	INFO	Running command: "/Applications/Firefox.app/Contents/MacOS/firefox-bin" "--marionette" "--remote-debugging-port" "52766" "--remote-allow-hosts" "localhost" "-foreground" "-no-remote" "-profile" "/var/folders/04/g7v8kdcn5g33gbxpmz2zxd3r0000gn/T/rust_mozprofileTnIxJn"
1678638655007	Marionette	INFO	Marionette enabled
2023-03-12 12:30:56.084 firefox-bin[6493:145987] Warning: Expected min height of view: (<NSButton: 0x118c0fc00>) to be less than or equal to 30 but got a height of 32.000000. This error will be logged once per view in violation.
2023-03-12 12:30:56.085 firefox-bin[6493:145987] Warning: Expected min height of view: (<NSButton: 0x12b0ca800>) to be less than or equal to 30 but got a height of 32.000000. This error will be logged once per view in violation.
2023-03-12 12:30:56.085 firefox-bin[6493:145987] Warning: Expected min height of view: (<NSButton: 0x12b0cb000>) to be less than or equal to 30 but got a height of 32.000000. This error will be logged once per view in violation.
2023-03-12 12:30:56.085 firefox-bin[6493:145987] Warning: Expected min height of view: (<NSButton: 0x12b0cb800>) to be less than or equal to 30 but got a height of 32.000000. This error will be logged once per view in violation.
2023-03-12 12:30:56.086 firefox-bin[6493:145987] Warning: Expected min height of view: (<NSButton: 0x12b0cb400>) to be less than or equal to 30 but got a height of 32.000000. This error will be logged once per view in violation.
2023-03-12 12:30:56.086 firefox-bin[6493:145987] Warning: Expected min height of view: (<NSPopoverTouchBarItemButton: 0x12b0d0c00>) to be less than or equal to 30 but got a height of 32.000000. This error will be logged once per view in violation.
2023-03-12 12:30:56.086 firefox-bin[6493:145987] Warning: Expected min height of view: (<NSPopoverTouchBarItemButton: 0x12b207000>) to be less than or equal to 30 but got a height of 32.000000. This error will be logged once per view in violation.
console.warn: SearchSettings: "get: No settings file exists, new profile?" (new NotFoundError("Could not open the file at /var/folders/04/g7v8kdcn5g33gbxpmz2zxd3r0000gn/T/rust_mozprofileTnIxJn/search.json.mozlz4", (void 0)))
console.error: BackgroundUpdate: 
  _reasonsToNotScheduleUpdates: Failed to check for Maintenance Service Registry Key: [Exception... "Component returned failure code: 0x80004001 (NS_ERROR_NOT_IMPLEMENTED) [nsIUpdateProcessor.getServiceRegKeyExists]"  nsresult: "0x80004001 (NS_ERROR_NOT_IMPLEMENTED)"  location: "JS frame :: resource://gre/modules/BackgroundUpdate.jsm :: _reasonsToNotScheduleUpdates :: line 243"  data: no]
DevTools listening on ws://localhost:52766/devtools/browser/2684c515-3923-4c89-b784-61ed60164518
1678638657147	Marionette	INFO	Listening on port 56622
Read port: 56622
1678638657259	RemoteAgent	WARN	TLS certificate errors will be ignored for this session
Mar 12, 2023 12:30:57 PM org.openqa.selenium.remote.ProtocolHandshake createSession
INFO: Detected dialect: W3C
console.warn: LoginRecipes: "getRecipes: falling back to a synchronous message for:" "https://qa.taltektc.com"
1678638660863	Marionette	INFO	Stopped listening on port 56622
console.error: services.settings: 
  main/query-stripping Signature failed  TypeError: NetworkError: Network request failed
console.error: services.settings: 
  main/quicksuggest Signature failed  TypeError: NetworkError: Network request failed

###!!! [Parent][RunMessage] Error: Channel closing: too late to send/recv, messages will be lost

]]></system-err>
  </testcase>
</testsuite>