-------------------------------------------------------------------------------
Test set: TestRunner
-------------------------------------------------------------------------------
Tests run: 1, Failures: 1, Errors: 0, Skipped: 0, Time elapsed: 6.289 s <<< FAILURE! - in TestRunner
TestRunner.runScenario["User should be able to login with valid email and password", "Optional[Login Feature]"](1)  Time elapsed: 5.675 s  <<< FAILURE!
java.lang.AssertionError: expected [Sign Inn] but found [Sign In]

